<?xml version="1.0" encoding="UTF-8"?>
<testsuite xmlns:xsi="http://www.w3.org/2001/XMLSchema-instance" xsi:noNamespaceSchemaLocation="https://maven.apache.org/surefire/maven-surefire-plugin/xsd/surefire-test-report.xsd" version="3.0.1" name="april_7th.Test1" time="4.431" tests="2" errors="0" skipped="0" failures="0">
  <properties>
    <property name="java.specification.version" value="17"/>
    <property name="sun.cpu.isalist" value="amd64"/>
    <property name="sun.jnu.encoding" value="Cp1252"/>
    <property name="java.class.path" value="C:\SDFS_workspace\Naveen_API_Course\target\test-classes;C:\SDFS_workspace\Naveen_API_Course\target\classes;C:\Users\GA\.m2\repository\io\rest-assured\rest-assured\5.5.1\rest-assured-5.5.1.jar;C:\Users\GA\.m2\repository\org\apache\groovy\groovy\4.0.22\groovy-4.0.22.jar;C:\Users\GA\.m2\repository\org\apache\groovy\groovy-xml\4.0.22\groovy-xml-4.0.22.jar;C:\Users\GA\.m2\repository\org\apache\httpcomponents\httpclient\4.5.13\httpclient-4.5.13.jar;C:\Users\GA\.m2\repository\org\apache\httpcomponents\httpcore\4.4.13\httpcore-4.4.13.jar;C:\Users\GA\.m2\repository\commons-logging\commons-logging\1.2\commons-logging-1.2.jar;C:\Users\GA\.m2\repository\commons-codec\commons-codec\1.11\commons-codec-1.11.jar;C:\Users\GA\.m2\repository\org\apache\httpcomponents\httpmime\4.5.13\httpmime-4.5.13.jar;C:\Users\GA\.m2\repository\org\hamcrest\hamcrest\2.2\hamcrest-2.2.jar;C:\Users\GA\.m2\repository\org\ccil\cowan\tagsoup\tagsoup\1.2.1\tagsoup-1.2.1.jar;C:\Users\GA\.m2\repository\io\rest-assured\json-path\5.5.1\json-path-5.5.1.jar;C:\Users\GA\.m2\repository\org\apache\groovy\groovy-json\4.0.22\groovy-json-4.0.22.jar;C:\Users\GA\.m2\repository\io\rest-assured\rest-assured-common\5.5.1\rest-assured-common-5.5.1.jar;C:\Users\GA\.m2\repository\io\rest-assured\xml-path\5.5.1\xml-path-5.5.1.jar;C:\Users\GA\.m2\repository\org\apache\commons\commons-lang3\3.16.0\commons-lang3-3.16.0.jar;C:\Users\GA\.m2\repository\org\testng\testng\7.7.0\testng-7.7.0.jar;C:\Users\GA\.m2\repository\org\slf4j\slf4j-api\1.7.36\slf4j-api-1.7.36.jar;C:\Users\GA\.m2\repository\com\beust\jcommander\1.82\jcommander-1.82.jar;C:\Users\GA\.m2\repository\org\webjars\jquery\3.6.1\jquery-3.6.1.jar;"/>
    <property name="java.vm.vendor" value="Azul Systems, Inc."/>
    <property name="sun.arch.data.model" value="64"/>
    <property name="user.variant" value=""/>
    <property name="java.vendor.url" value="http://www.azul.com/"/>
    <property name="user.timezone" value="Asia/Calcutta"/>
    <property name="os.name" value="Windows 10"/>
    <property name="java.vm.specification.version" value="17"/>
    <property name="sun.java.launcher" value="SUN_STANDARD"/>
    <property name="user.country" value="IN"/>
    <property name="sun.boot.library.path" value="C:\ThirdPartyBin\3rdpartybinaries-win\openjdk\bin"/>
    <property name="sun.java.command" value="C:\Users\GA\AppData\Local\Temp\surefire15874269586852982157\surefirebooter-20250412122809615_3.jar C:\Users\GA\AppData\Local\Temp\surefire15874269586852982157 2025-04-12T12-28-09_490-jvmRun1 surefire-20250412122809615_1tmp surefire_0-20250412122809615_2tmp"/>
    <property name="jdk.debug" value="release"/>
    <property name="surefire.test.class.path" value="C:\SDFS_workspace\Naveen_API_Course\target\test-classes;C:\SDFS_workspace\Naveen_API_Course\target\classes;C:\Users\GA\.m2\repository\io\rest-assured\rest-assured\5.5.1\rest-assured-5.5.1.jar;C:\Users\GA\.m2\repository\org\apache\groovy\groovy\4.0.22\groovy-4.0.22.jar;C:\Users\GA\.m2\repository\org\apache\groovy\groovy-xml\4.0.22\groovy-xml-4.0.22.jar;C:\Users\GA\.m2\repository\org\apache\httpcomponents\httpclient\4.5.13\httpclient-4.5.13.jar;C:\Users\GA\.m2\repository\org\apache\httpcomponents\httpcore\4.4.13\httpcore-4.4.13.jar;C:\Users\GA\.m2\repository\commons-logging\commons-logging\1.2\commons-logging-1.2.jar;C:\Users\GA\.m2\repository\commons-codec\commons-codec\1.11\commons-codec-1.11.jar;C:\Users\GA\.m2\repository\org\apache\httpcomponents\httpmime\4.5.13\httpmime-4.5.13.jar;C:\Users\GA\.m2\repository\org\hamcrest\hamcrest\2.2\hamcrest-2.2.jar;C:\Users\GA\.m2\repository\org\ccil\cowan\tagsoup\tagsoup\1.2.1\tagsoup-1.2.1.jar;C:\Users\GA\.m2\repository\io\rest-assured\json-path\5.5.1\json-path-5.5.1.jar;C:\Users\GA\.m2\repository\org\apache\groovy\groovy-json\4.0.22\groovy-json-4.0.22.jar;C:\Users\GA\.m2\repository\io\rest-assured\rest-assured-common\5.5.1\rest-assured-common-5.5.1.jar;C:\Users\GA\.m2\repository\io\rest-assured\xml-path\5.5.1\xml-path-5.5.1.jar;C:\Users\GA\.m2\repository\org\apache\commons\commons-lang3\3.16.0\commons-lang3-3.16.0.jar;C:\Users\GA\.m2\repository\org\testng\testng\7.7.0\testng-7.7.0.jar;C:\Users\GA\.m2\repository\org\slf4j\slf4j-api\1.7.36\slf4j-api-1.7.36.jar;C:\Users\GA\.m2\repository\com\beust\jcommander\1.82\jcommander-1.82.jar;C:\Users\GA\.m2\repository\org\webjars\jquery\3.6.1\jquery-3.6.1.jar;"/>
    <property name="sun.cpu.endian" value="little"/>
    <property name="user.home" value="C:\Users\GA"/>
    <property name="user.language" value="en"/>
    <property name="java.specification.vendor" value="Oracle Corporation"/>
    <property name="java.version.date" value="2023-07-18"/>
    <property name="java.home" value="C:\ThirdPartyBin\3rdpartybinaries-win\openjdk"/>
    <property name="file.separator" value="\"/>
    <property name="style.color" value="always"/>
    <property name="basedir" value="C:\SDFS_workspace\Naveen_API_Course"/>
    <property name="java.vm.compressedOopsMode" value="Zero based"/>
    <property name="line.separator" value="&#10;"/>
    <property name="java.vm.specification.vendor" value="Oracle Corporation"/>
    <property name="java.specification.name" value="Java Platform API Specification"/>
    <property name="surefire.real.class.path" value="C:\Users\GA\AppData\Local\Temp\surefire15874269586852982157\surefirebooter-20250412122809615_3.jar"/>
    <property name="user.script" value=""/>
    <property name="sun.management.compiler" value="HotSpot 64-Bit Tiered Compilers"/>
    <property name="java.runtime.version" value="17.0.8+7-LTS"/>
    <property name="user.name" value="gauravvarmaa"/>
    <property name="path.separator" value=";"/>
    <property name="os.version" value="10.0"/>
    <property name="java.runtime.name" value="OpenJDK Runtime Environment"/>
    <property name="file.encoding" value="Cp1252"/>
    <property name="java.vm.name" value="OpenJDK 64-Bit Server VM"/>
    <property name="java.vendor.version" value="Zulu17.44+15-CA"/>
    <property name="localRepository" value="C:\Users\GA\.m2\repository"/>
    <property name="java.vendor.url.bug" value="http://www.azul.com/support/"/>
    <property name="java.io.tmpdir" value="C:\Users\GA\AppData\Local\Temp\"/>
    <property name="java.version" value="17.0.8"/>
    <property name="user.dir" value="C:\SDFS_workspace\Naveen_API_Course"/>
    <property name="os.arch" value="amd64"/>
    <property name="java.vm.specification.name" value="Java Virtual Machine Specification"/>
    <property name="sun.os.patch.level" value=""/>
    <property name="native.encoding" value="Cp1252"/>
    <property name="java.library.path" value="C:\ThirdPartyBin\3rdpartybinaries-win\openjdk\bin;C:\windows\Sun\Java\bin;C:\windows\system32;C:\windows;C:\Program Files\Common Files\Oracle\Java\javapath;C:\windows\system32;C:\windows;C:\windows\System32\Wbem;C:\windows\System32\WindowsPowerShell\v1.0\;C:\Program Files (x86)\Symantec\VIP Access Client\;C:\Program Files (x86)\Pulse Secure\VC142.CRT\X64\;C:\Program Files (x86)\Pulse Secure\VC142.CRT\X86\;C:\Program Files (x86)\Common Files\Pulse Secure\TNC Client Plugin\;C:\Program Files\Java\jdk-21\bin;C:\Program Files\PuTTY\;C:\Program Files\Gauge\bin;C:\ProgramData\chocolatey\bin;%M2_HOME%\bin;C:\Program Files (x86)\Apache\apache-maven-3.9.6-bin\apache-maven-3.9.6\bin;C:\Program Files\nodejs\;C:\Program Files (x86)\Apache\apache-maven-3.9.6-bin\apache-maven-3.9.6\bin;C:\Program Files\Docker\Docker\resources\bin;C:\Program Files\Git\cmd;C:\curl\curl-8.12.0_1-win64-mingw\bin;C:\Users\GA\AppData\Local\Microsoft\WindowsApps;;C:\Users\GA\AppData\Local\Programs\Microsoft VS Code\bin;C:\Users\GA\AppData\Roaming\npm;."/>
    <property name="java.vm.info" value="mixed mode, sharing"/>
    <property name="java.vendor" value="Azul Systems, Inc."/>
    <property name="java.vm.version" value="17.0.8+7-LTS"/>
    <property name="sun.io.unicode.encoding" value="UnicodeLittle"/>
    <property name="java.class.version" value="61.0"/>
  </properties>
  <testcase name="learn1" classname="april_7th.Test1" time="2.439">
    <system-out><![CDATA[Request method:	GET
Request URI:	https://thinking-tester-contact-list.herokuapp.com/contacts
Proxy:			<none>
Request params:	<none>
Query params:	<none>
Form params:	<none>
Path params:	<none>
Headers:		Authorization=Bearer eyJhbGciOiJIUzI1NiIsInR5cCI6IkpXVCJ9.eyJfaWQiOiI2N2Y1ZTdkYTBhNmVjNDAwMTM0Y2FmNGUiLCJpYXQiOjE3NDQxNjg5MjJ9.x6eJKEWb-nXVxW0ma6yBT-bQfYOYHkbgKWx8IJXo_LE
				Accept=*/*
Cookies:		<none>
Multiparts:		<none>
Body:			<none>
HTTP/1.1 200 OK
Server: Cowboy
Report-To: {"group":"heroku-nel","max_age":3600,"endpoints":[{"url":"https://nel.heroku.com/reports?ts=1744441092&sid=af571f24-03ee-46d1-9f90-ab9030c2c74c&s=o8A9cHXauzswjvpSuXeuR9%2Bf12tmT%2Fp9DHGunSsxELY%3D"}]}
Reporting-Endpoints: heroku-nel=https://nel.heroku.com/reports?ts=1744441092&sid=af571f24-03ee-46d1-9f90-ab9030c2c74c&s=o8A9cHXauzswjvpSuXeuR9%2Bf12tmT%2Fp9DHGunSsxELY%3D
Nel: {"report_to":"heroku-nel","max_age":3600,"success_fraction":0.005,"failure_fraction":0.05,"response_headers":["Via"]}
Connection: keep-alive
X-Powered-By: Express
Content-Type: application/json; charset=utf-8
Content-Length: 268
Etag: W/"10c-/TMQi2fwQN8rF0e7w59mZzrdFQc"
Date: Sat, 12 Apr 2025 06:58:12 GMT
Via: 1.1 vegur

[
    {
        "_id": "67f5e80087bafb0013f91174",
        "firstName": "Gaurav",
        "lastName": "Varma",
        "email": "gauravanthara123@gmail.com",
        "street1": "lady hill",
        "city": "Dak. Kannada",
        "stateProvince": "Karnataka",
        "postalCode": "575004",
        "country": "India",
        "owner": "67f5e7da0a6ec400134caf4e",
        "__v": 0
    }
]
]]></system-out>
    <system-err><![CDATA[SLF4J: Failed to load class "org.slf4j.impl.StaticLoggerBinder".
SLF4J: Defaulting to no-operation (NOP) logger implementation
SLF4J: See http://www.slf4j.org/codes.html#StaticLoggerBinder for further details.
]]></system-err>
  </testcase>
  <testcase name="learn2" classname="april_7th.Test1" time="1.59">
    <system-out><![CDATA[Request method:	GET
Request URI:	https://thinking-tester-contact-list.herokuapp.com/contacts
Proxy:			<none>
Request params:	<none>
Query params:	<none>
Form params:	<none>
Path params:	<none>
Headers:		Authorization=Bearer-test
				Accept=*/*
Cookies:		<none>
Multiparts:		<none>
Body:			<none>
Please authenticate.---------------------------------
]]></system-out>
  </testcase>
</testsuite>