<?xml version="1.0" encoding="UTF-8"?>
<!-- Generated by org.testng.reporters.JUnitReportReporter -->
<testsuite hostname="MF-TNRQD6Z5LFMQ" failures="0" tests="1" name="april_21st.CreatePet" time="2.740" errors="0" timestamp="2025-04-23T11:33:13 IST" skipped="0">
  <testcase classname="april_21st.CreatePet" name="PostAlluser" time="2.740"/>
  <system-out/>
</testsuite> <!-- april_21st.CreatePet -->
