<?xml version="1.0" encoding="UTF-8"?>
<!-- Generated by org.testng.reporters.JUnitReportReporter -->
<testsuite hostname="MF-TNRQD6Z5LFMQ" failures="0" tests="1" name="april_16th.CompleteFlow" time="4.243" errors="0" timestamp="2025-04-17T01:29:59 IST" skipped="0">
  <testcase classname="april_16th.CompleteFlow" name="all" time="4.243"/>
  <system-out/>
</testsuite> <!-- april_16th.CompleteFlow -->
