<?xml version="1.0" encoding="UTF-8"?>
<!-- Generated by org.testng.reporters.JUnitReportReporter -->
<testsuite hostname="MF-TNRQD6Z5LFMQ" failures="0" tests="2" name="removePractice.Hamcrustt" time="2.925" errors="0" timestamp="2025-08-16T17:33:58 IST" skipped="1">
  <testcase classname="removePractice.Hamcrustt" name="validateJsonResponseUsingJSONPATH" time="2.925"/>
  <system-out/>
  <testcase classname="removePractice.Hamcrustt" name="validateJsonResponse">
    <skipped/>
  </testcase> <!-- validateJsonResponse -->
  <system-out/>
</testsuite> <!-- removePractice.Hamcrustt -->
