<?xml version="1.0" encoding="UTF-8"?>
<!-- Generated by org.testng.reporters.JUnitReportReporter -->
<testsuite hostname="MF-TNRQD6Z5LFMQ" failures="0" tests="1" name="removePractice.Testtk" time="3.300" errors="0" timestamp="2025-08-16T15:30:33 IST" skipped="0">
  <testcase classname="removePractice.Testtk" name="validateJsonResponse" time="3.300"/>
  <system-out/>
</testsuite> <!-- removePractice.Testtk -->
