<?xml version="1.0" encoding="UTF-8"?>
<!-- Generated by org.testng.reporters.JUnitReportReporter -->
<testsuite hostname="MF-TNRQD6Z5LFMQ" failures="0" tests="2" name="april_9th.QueryParam" time="4.593" errors="0" timestamp="2025-05-15T00:13:05 IST" skipped="0">
  <testcase classname="april_9th.QueryParam" name="query1" time="0.851"/>
  <system-out/>
  <testcase classname="april_9th.QueryParam" name="query" time="3.742"/>
  <system-out/>
</testsuite> <!-- april_9th.QueryParam -->
