<?xml version="1.0" encoding="UTF-8"?>
<!-- Generated by org.testng.reporters.JUnitReportReporter -->
<testsuite hostname="MF-TNRQD6Z5LFMQ" failures="0" tests="1" name="DesrializationWithJSONArrayResponse.GetAllProducts" time="3.153" errors="0" timestamp="2025-07-12T00:50:05 IST" skipped="0">
  <testcase classname="DesrializationWithJSONArrayResponse.GetAllProducts" name="getAllProductsAPITest" time="3.153"/>
  <system-out/>
</testsuite> <!-- DesrializationWithJSONArrayResponse.GetAllProducts -->
