<?xml version="1.0" encoding="UTF-8"?>
<!-- Generated by org.testng.reporters.JUnitReportReporter -->
<testsuite hostname="MF-TNRQD6Z5LFMQ" failures="0" tests="1" name="dynamicBody.TestDynamic" time="2.620" errors="0" timestamp="2025-07-11T21:49:41 IST" skipped="0">
  <testcase classname="dynamicBody.TestDynamic" name="testdb" time="2.620"/>
  <system-out/>
</testsuite> <!-- dynamicBody.TestDynamic -->
