<?xml version="1.0" encoding="UTF-8"?>
<!-- Generated by org.testng.reporters.JUnitReportReporter -->
<testsuite hostname="MF-TNRQD6Z5LFMQ" failures="0" tests="1" name="practice.DynamicBody" time="0.263" errors="0" timestamp="2025-07-08T10:34:52 IST" skipped="0">
  <testcase classname="practice.DynamicBody" name="test5" time="0.263"/>
  <system-out/>
</testsuite> <!-- practice.DynamicBody -->
