<?xml version="1.0" encoding="UTF-8"?>
<!-- Generated by org.testng.reporters.JUnitReportReporter -->
<testsuite hostname="MF-TNRQD6Z5LFMQ" failures="0" tests="1" name="april_30th_jayway_jsonpath.TestJayway" time="2.121" errors="0" timestamp="2025-05-11T23:28:29 IST" skipped="0">
  <testcase classname="april_30th_jayway_jsonpath.TestJayway" name="jway" time="2.121"/>
  <system-out/>
</testsuite> <!-- april_30th_jayway_jsonpath.TestJayway -->
