<?xml version="1.0" encoding="UTF-8"?>
<!-- Generated by org.testng.reporters.JUnitReportReporter -->
<testsuite hostname="MF-TNRQD6Z5LFMQ" failures="0" tests="1" name="april_15th.Serilization" time="2.130" errors="0" timestamp="2025-04-16T15:08:11 IST" skipped="0">
  <testcase classname="april_15th.Serilization" name="bodysS" time="2.130"/>
  <system-out/>
</testsuite> <!-- april_15th.Serilization -->
