<?xml version="1.0" encoding="UTF-8"?>
<!-- Generated by org.testng.reporters.JUnitReportReporter -->
<testsuite hostname="MF-TNRQD6Z5LFMQ" failures="0" tests="1" name="DesrializationWithJSONArrayResponse.GetAllUserTest" time="19.876" errors="0" timestamp="2025-04-23T10:18:56 IST" skipped="0">
  <testcase classname="DesrializationWithJSONArrayResponse.GetAllUserTest" name="getallusers" time="19.876"/>
  <system-out/>
</testsuite> <!-- DesrializationWithJSONArrayResponse.GetAllUserTest -->
