<?xml version="1.0" encoding="UTF-8"?>
<!-- Generated by org.testng.reporters.JUnitReportReporter -->
<testsuite hostname="MF-TNRQD6Z5LFMQ" failures="0" tests="3" name="practicesession.DataProvder1" time="0.007" errors="0" timestamp="2025-08-19T11:39:42 IST" skipped="0">
  <testcase classname="practicesession.DataProvder1" name="createUserTest" time="0.005"/>
  <system-out/>
  <testcase classname="practicesession.DataProvder1" name="createUserTest" time="0.001"/>
  <system-out/>
  <testcase classname="practicesession.DataProvder1" name="createUserTest" time="0.001"/>
  <system-out/>
</testsuite> <!-- practicesession.DataProvder1 -->
