<?xml version="1.0" encoding="UTF-8"?>
<!-- Generated by org.testng.reporters.JUnitReportReporter -->
<testsuite hostname="MF-TNRQD6Z5LFMQ" failures="0" tests="1" name="practicesession.Prac1$Test1" time="3.223" errors="0" timestamp="2025-06-18T22:32:25 IST" skipped="0">
  <testcase classname="practicesession.Prac1$Test1" name="learn1" time="3.223"/>
  <system-out/>
</testsuite> <!-- practicesession.Prac1$Test1 -->
