<?xml version="1.0" encoding="UTF-8"?>
<!-- Generated by org.testng.reporters.JUnitReportReporter -->
<testsuite hostname="MF-TNRQD6Z5LFMQ" failures="0" tests="1" name="april_21st.ComplexUsersList" time="2.491" errors="0" timestamp="2025-04-23T14:46:12 IST" skipped="0">
  <testcase classname="april_21st.ComplexUsersList" name="alll" time="2.491"/>
  <system-out/>
</testsuite> <!-- april_21st.ComplexUsersList -->
