<?xml version="1.0" encoding="UTF-8"?>
<!-- Generated by org.testng.reporters.JUnitReportReporter -->
<testsuite hostname="MF-TNRQD6Z5LFMQ" failures="0" tests="3" name="practicesession.DataProvider2" time="0.010" errors="0" timestamp="2025-08-19T11:48:39 IST" skipped="0">
  <testcase classname="practicesession.DataProvider2" name="validateCategoryItem" time="0.006"/>
  <system-out/>
  <testcase classname="practicesession.DataProvider2" name="validateCategoryItem" time="0.002"/>
  <system-out/>
  <testcase classname="practicesession.DataProvider2" name="validateCategoryItem" time="0.002"/>
  <system-out/>
</testsuite> <!-- practicesession.DataProvider2 -->
