<?xml version="1.0" encoding="UTF-8"?>
<!-- Generated by org.testng.reporters.JUnitReportReporter -->
<testsuite hostname="MF-TNRQD6Z5LFMQ" failures="0" tests="2" name="april_7th.Test1" time="4.893" errors="0" timestamp="2025-06-18T20:41:11 IST" skipped="0">
  <testcase classname="april_7th.Test1" name="learn2" time="2.107"/>
  <system-out/>
  <testcase classname="april_7th.Test1" name="learn1" time="2.786"/>
  <system-out/>
</testsuite> <!-- april_7th.Test1 -->
