<?xml version="1.0" encoding="UTF-8"?>
<!-- Generated by org.testng.reporters.JUnitReportReporter -->
<testsuite hostname="MF-TNRQD6Z5LFMQ" failures="0" tests="1" name="practice.PetFullClass" time="3.333" errors="0" timestamp="2025-05-11T22:00:59 IST" skipped="0">
  <testcase classname="practice.PetFullClass" name="readandwrite" time="3.333"/>
  <system-out/>
</testsuite> <!-- practice.PetFullClass -->
