<?xml version="1.0" encoding="UTF-8"?>
<!-- Generated by org.testng.reporters.JUnitReportReporter -->
<testsuite hostname="MF-TNRQD6Z5LFMQ" failures="0" tests="3" name="practicesession.Prac1" time="3.013" errors="0" timestamp="2025-07-12T00:01:07 IST" skipped="2">
  <testcase classname="practicesession.Prac1" name="ddtest" time="3.013"/>
  <system-out/>
  <testcase classname="practicesession.Prac1" name="dtest">
    <skipped/>
  </testcase> <!-- dtest -->
  <system-out/>
  <testcase classname="practicesession.Prac1" name="learn1">
    <skipped/>
  </testcase> <!-- learn1 -->
  <system-out/>
</testsuite> <!-- practicesession.Prac1 -->
