<?xml version="1.0" encoding="UTF-8"?>
<!-- Generated by org.testng.reporters.JUnitReportReporter -->
<testsuite hostname="MF-TNRQD6Z5LFMQ" failures="0" tests="1" name="april_10th.HeadersTest" time="2.477" errors="0" timestamp="2025-04-14T12:12:28 IST" skipped="0">
  <testcase classname="april_10th.HeadersTest" name="headertest" time="2.477"/>
  <system-out/>
</testsuite> <!-- april_10th.HeadersTest -->
