<?xml version="1.0" encoding="UTF-8"?>
<!-- Generated by org.testng.reporters.JUnitReportReporter -->
<testsuite hostname="MF-TNRQD6Z5LFMQ" failures="0" tests="2" name="april_7th.Test1" time="4.030" errors="0" timestamp="2025-04-12T12:28:14 IST" skipped="0">
  <testcase classname="april_7th.Test1" name="learn1" time="2.439"/>
  <system-out/>
  <testcase classname="april_7th.Test1" name="learn2" time="1.591"/>
  <system-out/>
</testsuite> <!-- april_7th.Test1 -->
